


ARM Macro Assembler    Page 1 


    1 00000000         #       1                "mbed-os/rtos/TARGET_CORTEX/rtx
5/RTX/Source/TOOLCHAIN_ARM/TARGET_M3/irq_cm3.S"
    1 00000000         #       1                "<built-in>" 1
    1 00000000         #       1                "mbed-os/rtos/TARGET_CORTEX/rtx
5/RTX/Source/TOOLCHAIN_ARM/TARGET_M3/irq_cm3.S" 2
    1 00000000         ;
    2 00000000         #       27               "mbed-os/rtos/TARGET_CORTEX/rtx
5/RTX/Source/TOOLCHAIN_ARM/TARGET_M3/irq_cm3.S"
   27 00000000 00000014 
                       I_T_RUN_OFS
                               EQU              20          ; osRtxInfo.thread.
                                                            run offset
   28 00000000 00000038 
                       TCB_SP_OFS
                               EQU              56          ; TCB.SP offset
   29 00000000         
   30 00000000         
   31 00000000                 PRESERVE8
   32 00000000                 THUMB
   33 00000000         
   34 00000000         
   35 00000000                 AREA             |.constdata|, DATA, READONLY
   36 00000000                 EXPORT           irqRtxLib
   37 00000000 00      irqRtxLib
                               DCB              0           ; Non weak library 
                                                            reference
   38 00000001         
   39 00000001         
   40 00000001                 AREA             |.text|, CODE, READONLY
   41 00000000         
   42 00000000         
   43 00000000         SVC_Handler
                               PROC
   44 00000000                 EXPORT           SVC_Handler
   45 00000000                 IMPORT           osRtxUserSVC
   46 00000000                 IMPORT           osRtxInfo
   47 00000000         
   48 00000000 F3EF 8009       MRS              R0,PSP      ; Get PSP
   49 00000004 6981            LDR              R1,[R0,#24] ; Load saved PC fro
                                                            m stack
   50 00000006 F811 1C02       LDRB             R1,[R1,#-2] ; Load SVC number
   51 0000000A B9D9            CBNZ             R1,SVC_User ; Branch if not SVC
                                                             0
   52 0000000C         
   53 0000000C B501            PUSH             {R0,LR}     ; Save PSP and EXC_
                                                            RETURN
   54 0000000E E890 100F       LDM              R0,{R0-R3,R12} ; Load function 
                                                            parameters and addr
                                                            ess from stack
   55 00000012 47E0            BLX              R12         ; Call service func
                                                            tion
   56 00000014 E8BD 5000       POP              {R12,LR}    ; Restore PSP and E
                                                            XC_RETURN
   57 00000018 E88C 0003       STM              R12,{R0-R1} ; Store function re
                                                            turn values
   58 0000001C         
   59 0000001C         SVC_Context
   60 0000001C 4B18            LDR              R3,=osRtxInfo+I_T_RUN_OFS ; Loa
                                                            d address of osRtxI



ARM Macro Assembler    Page 2 


                                                            nfo.run
   61 0000001E E893 0006       LDM              R3,{R1,R2}  ; Load osRtxInfo.th
                                                            read.run: curr & ne
                                                            xt
   62 00000022 4291            CMP              R1,R2       ; Check if thread s
                                                            witch is required
   63 00000024 BF08 4770       BXEQ             LR          ; Exit when threads
                                                             are the same
   64 00000028         
   65 00000028 B119            CBZ              R1,SVC_ContextSwitch ; Branch i
                                                            f running thread is
                                                             deleted
   66 0000002A         
   67 0000002A         SVC_ContextSave
   68 0000002A E92C 0FF0       STMDB            R12!,{R4-R11} ; Save R4..R11
   69 0000002E F8C1 C038       STR              R12,[R1,#TCB_SP_OFS] ; Store SP
                                                            
   70 00000032         
   71 00000032         SVC_ContextSwitch
   72 00000032 601A            STR              R2,[R3]     ; osRtxInfo.thread.
                                                            run: curr = next
   73 00000034         
   74 00000034         SVC_ContextRestore
   75 00000034 6B90            LDR              R0,[R2,#TCB_SP_OFS] ; Load SP
   76 00000036 E8B0 0FF0       LDMIA            R0!,{R4-R11} ; Restore R4..R11
   77 0000003A F380 8809       MSR              PSP,R0      ; Set PSP
   78 0000003E         
   79 0000003E F06F 0E02       MVN              LR,#~0xFFFFFFFD ; Set EXC_RETUR
                                                            N value
   80 00000042         
   81 00000042         SVC_Exit
   82 00000042 4770            BX               LR          ; Exit from handler
                                                            
   83 00000044         
   84 00000044         SVC_User
   85 00000044 B510            PUSH             {R4,LR}     ; Save registers
   86 00000046 4A0F            LDR              R2,=osRtxUserSVC ; Load address
                                                             of SVC table
   87 00000048 6813            LDR              R3,[R2]     ; Load SVC maximum 
                                                            number
   88 0000004A 4299            CMP              R1,R3       ; Check SVC number 
                                                            range
   89 0000004C D806            BHI              SVC_Done    ; Branch if out of 
                                                            range
   90 0000004E         
   91 0000004E F852 4021       LDR              R4,[R2,R1,LSL #2] ; Load addres
                                                            s of SVC function
   92 00000052         
   93 00000052 C80F            LDM              R0,{R0-R3}  ; Load function par
                                                            ameters from stack
   94 00000054 47A0            BLX              R4          ; Call service func
                                                            tion
   95 00000056 F3EF 8409       MRS              R4,PSP      ; Get PSP
   96 0000005A 6020            STR              R0,[R4]     ; Store function re
                                                            turn value
   97 0000005C         
   98 0000005C         SVC_Done
   99 0000005C BD10            POP              {R4,PC}     ; Return from handl
                                                            er



ARM Macro Assembler    Page 3 


  100 0000005E         
  101 0000005E 00 00           ALIGN
  102 00000060                 ENDP
  103 00000060         
  104 00000060         
  105 00000060         PendSV_Handler
                               PROC
  106 00000060                 EXPORT           PendSV_Handler
  107 00000060                 IMPORT           osRtxPendSV_Handler
  108 00000060         
  109 00000060 B510            PUSH             {R4,LR}     ; Save EXC_RETURN
  110 00000062 F7FF FFFE       BL               osRtxPendSV_Handler ; Call osRt
                                                            xPendSV_Handler
  111 00000066 E8BD 4010       POP              {R4,LR}     ; Restore EXC_RETUR
                                                            N
  112 0000006A F3EF 8C09       MRS              R12,PSP
  113 0000006E E7D5            B                SVC_Context
  114 00000070         
  115 00000070                 ALIGN
  116 00000070                 ENDP
  117 00000070         
  118 00000070         
  119 00000070         SysTick_Handler
                               PROC
  120 00000070                 EXPORT           SysTick_Handler
  121 00000070                 IMPORT           osRtxTick_Handler
  122 00000070         
  123 00000070 B510            PUSH             {R4,LR}     ; Save EXC_RETURN
  124 00000072 F7FF FFFE       BL               osRtxTick_Handler ; Call osRtxT
                                                            ick_Handler
  125 00000076 E8BD 4010       POP              {R4,LR}     ; Restore EXC_RETUR
                                                            N
  126 0000007A F3EF 8C09       MRS              R12,PSP
  127 0000007E E7CD            B                SVC_Context
  128 00000080         
  129 00000080                 ALIGN
  130 00000080                 ENDP
  131 00000080         
  132 00000080         
  133 00000080                 END
              00000014 
              00000000 
Command Line: --debug --xref --cpreproc --diag_suppress=9931 --cpu=Cortex-M3 -o
.\build\irq_cm3.o -I.\RTE\_Nucleo_rtos_basic_v2 -IC:\Users\Luca\AppData\Local\A
rm\Packs\Keil\STM32L1xx_DFP\1.2.0\Device\Include -II:\HDDProgInstall\keil\ARM\C
MSIS\Include --predefine="__UVISION_VERSION SETA 529" --predefine="STM32L152xE 
SETA 1" --cpreproc_opts=-D__ASSERT_MSG,-D__CMSIS_RTOS,-D__MBED_CMSIS_RTOS_CM,-D
TRANSACTION_QUEUE_SIZE_SPI=2,-D__CORTEX_M3,-DARM_MATH_CM3,--target=arm-arm-none
-eabi,-mcpu=cortex-m3,-D__UVISION_VERSION=529,-DSTM32L152xE --list=.\build\irq_
cm3.lst mbed-os/rtos/TARGET_CORTEX/rtx5/RTX/Source/TOOLCHAIN_ARM/TARGET_M3/irq_
cm3.S



ARM Macro Assembler    Page 1 Alphabetic symbol ordering
Relocatable symbols

.constdata 00000000

Symbol: .constdata
   Definitions
      At line 35 in file mbed-os\rtos\TARGET_CORTEX\rtx5\RTX\Source\TOOLCHAIN_A
RM\TARGET_M3\irq_cm3.S
   Uses
      None
Comment: .constdata unused
irqRtxLib 00000000

Symbol: irqRtxLib
   Definitions
      At line 37 in file mbed-os\rtos\TARGET_CORTEX\rtx5\RTX\Source\TOOLCHAIN_A
RM\TARGET_M3\irq_cm3.S
   Uses
      At line 36 in file mbed-os\rtos\TARGET_CORTEX\rtx5\RTX\Source\TOOLCHAIN_A
RM\TARGET_M3\irq_cm3.S
Comment: irqRtxLib used once
2 symbols



ARM Macro Assembler    Page 1 Alphabetic symbol ordering
Relocatable symbols

.text 00000000

Symbol: .text
   Definitions
      At line 40 in file mbed-os\rtos\TARGET_CORTEX\rtx5\RTX\Source\TOOLCHAIN_A
RM\TARGET_M3\irq_cm3.S
   Uses
      None
Comment: .text unused
PendSV_Handler 00000060

Symbol: PendSV_Handler
   Definitions
      At line 105 in file mbed-os\rtos\TARGET_CORTEX\rtx5\RTX\Source\TOOLCHAIN_
ARM\TARGET_M3\irq_cm3.S
   Uses
      At line 106 in file mbed-os\rtos\TARGET_CORTEX\rtx5\RTX\Source\TOOLCHAIN_
ARM\TARGET_M3\irq_cm3.S
Comment: PendSV_Handler used once
SVC_Context 0000001C

Symbol: SVC_Context
   Definitions
      At line 59 in file mbed-os\rtos\TARGET_CORTEX\rtx5\RTX\Source\TOOLCHAIN_A
RM\TARGET_M3\irq_cm3.S
   Uses
      At line 113 in file mbed-os\rtos\TARGET_CORTEX\rtx5\RTX\Source\TOOLCHAIN_
ARM\TARGET_M3\irq_cm3.S
      At line 127 in file mbed-os\rtos\TARGET_CORTEX\rtx5\RTX\Source\TOOLCHAIN_
ARM\TARGET_M3\irq_cm3.S

SVC_ContextRestore 00000034

Symbol: SVC_ContextRestore
   Definitions
      At line 74 in file mbed-os\rtos\TARGET_CORTEX\rtx5\RTX\Source\TOOLCHAIN_A
RM\TARGET_M3\irq_cm3.S
   Uses
      None
Comment: SVC_ContextRestore unused
SVC_ContextSave 0000002A

Symbol: SVC_ContextSave
   Definitions
      At line 67 in file mbed-os\rtos\TARGET_CORTEX\rtx5\RTX\Source\TOOLCHAIN_A
RM\TARGET_M3\irq_cm3.S
   Uses
      None
Comment: SVC_ContextSave unused
SVC_ContextSwitch 00000032

Symbol: SVC_ContextSwitch
   Definitions
      At line 71 in file mbed-os\rtos\TARGET_CORTEX\rtx5\RTX\Source\TOOLCHAIN_A
RM\TARGET_M3\irq_cm3.S
   Uses
      At line 65 in file mbed-os\rtos\TARGET_CORTEX\rtx5\RTX\Source\TOOLCHAIN_A
RM\TARGET_M3\irq_cm3.S
Comment: SVC_ContextSwitch used once



ARM Macro Assembler    Page 2 Alphabetic symbol ordering
Relocatable symbols

SVC_Done 0000005C

Symbol: SVC_Done
   Definitions
      At line 98 in file mbed-os\rtos\TARGET_CORTEX\rtx5\RTX\Source\TOOLCHAIN_A
RM\TARGET_M3\irq_cm3.S
   Uses
      At line 89 in file mbed-os\rtos\TARGET_CORTEX\rtx5\RTX\Source\TOOLCHAIN_A
RM\TARGET_M3\irq_cm3.S
Comment: SVC_Done used once
SVC_Exit 00000042

Symbol: SVC_Exit
   Definitions
      At line 81 in file mbed-os\rtos\TARGET_CORTEX\rtx5\RTX\Source\TOOLCHAIN_A
RM\TARGET_M3\irq_cm3.S
   Uses
      None
Comment: SVC_Exit unused
SVC_Handler 00000000

Symbol: SVC_Handler
   Definitions
      At line 43 in file mbed-os\rtos\TARGET_CORTEX\rtx5\RTX\Source\TOOLCHAIN_A
RM\TARGET_M3\irq_cm3.S
   Uses
      At line 44 in file mbed-os\rtos\TARGET_CORTEX\rtx5\RTX\Source\TOOLCHAIN_A
RM\TARGET_M3\irq_cm3.S
Comment: SVC_Handler used once
SVC_User 00000044

Symbol: SVC_User
   Definitions
      At line 84 in file mbed-os\rtos\TARGET_CORTEX\rtx5\RTX\Source\TOOLCHAIN_A
RM\TARGET_M3\irq_cm3.S
   Uses
      At line 51 in file mbed-os\rtos\TARGET_CORTEX\rtx5\RTX\Source\TOOLCHAIN_A
RM\TARGET_M3\irq_cm3.S
Comment: SVC_User used once
SysTick_Handler 00000070

Symbol: SysTick_Handler
   Definitions
      At line 119 in file mbed-os\rtos\TARGET_CORTEX\rtx5\RTX\Source\TOOLCHAIN_
ARM\TARGET_M3\irq_cm3.S
   Uses
      At line 120 in file mbed-os\rtos\TARGET_CORTEX\rtx5\RTX\Source\TOOLCHAIN_
ARM\TARGET_M3\irq_cm3.S
Comment: SysTick_Handler used once
11 symbols



ARM Macro Assembler    Page 1 Alphabetic symbol ordering
Absolute symbols

I_T_RUN_OFS 00000014

Symbol: I_T_RUN_OFS
   Definitions
      At line 27 in file mbed-os\rtos\TARGET_CORTEX\rtx5\RTX\Source\TOOLCHAIN_A
RM\TARGET_M3\irq_cm3.S
   Uses
      At line 60 in file mbed-os\rtos\TARGET_CORTEX\rtx5\RTX\Source\TOOLCHAIN_A
RM\TARGET_M3\irq_cm3.S
Comment: I_T_RUN_OFS used once
TCB_SP_OFS 00000038

Symbol: TCB_SP_OFS
   Definitions
      At line 28 in file mbed-os\rtos\TARGET_CORTEX\rtx5\RTX\Source\TOOLCHAIN_A
RM\TARGET_M3\irq_cm3.S
   Uses
      At line 69 in file mbed-os\rtos\TARGET_CORTEX\rtx5\RTX\Source\TOOLCHAIN_A
RM\TARGET_M3\irq_cm3.S
      At line 75 in file mbed-os\rtos\TARGET_CORTEX\rtx5\RTX\Source\TOOLCHAIN_A
RM\TARGET_M3\irq_cm3.S

2 symbols



ARM Macro Assembler    Page 1 Alphabetic symbol ordering
External symbols

osRtxInfo 00000000

Symbol: osRtxInfo
   Definitions
      At line 46 in file mbed-os\rtos\TARGET_CORTEX\rtx5\RTX\Source\TOOLCHAIN_A
RM\TARGET_M3\irq_cm3.S
   Uses
      At line 60 in file mbed-os\rtos\TARGET_CORTEX\rtx5\RTX\Source\TOOLCHAIN_A
RM\TARGET_M3\irq_cm3.S
Comment: osRtxInfo used once
osRtxPendSV_Handler 00000000

Symbol: osRtxPendSV_Handler
   Definitions
      At line 107 in file mbed-os\rtos\TARGET_CORTEX\rtx5\RTX\Source\TOOLCHAIN_
ARM\TARGET_M3\irq_cm3.S
   Uses
      At line 110 in file mbed-os\rtos\TARGET_CORTEX\rtx5\RTX\Source\TOOLCHAIN_
ARM\TARGET_M3\irq_cm3.S
Comment: osRtxPendSV_Handler used once
osRtxTick_Handler 00000000

Symbol: osRtxTick_Handler
   Definitions
      At line 121 in file mbed-os\rtos\TARGET_CORTEX\rtx5\RTX\Source\TOOLCHAIN_
ARM\TARGET_M3\irq_cm3.S
   Uses
      At line 124 in file mbed-os\rtos\TARGET_CORTEX\rtx5\RTX\Source\TOOLCHAIN_
ARM\TARGET_M3\irq_cm3.S
Comment: osRtxTick_Handler used once
osRtxUserSVC 00000000

Symbol: osRtxUserSVC
   Definitions
      At line 45 in file mbed-os\rtos\TARGET_CORTEX\rtx5\RTX\Source\TOOLCHAIN_A
RM\TARGET_M3\irq_cm3.S
   Uses
      At line 86 in file mbed-os\rtos\TARGET_CORTEX\rtx5\RTX\Source\TOOLCHAIN_A
RM\TARGET_M3\irq_cm3.S
Comment: osRtxUserSVC used once
4 symbols
353 symbols in table
