


ARM Macro Assembler    Page 1 


    1 00000000         #       1                "mbed-os/targets/TARGET_STM/TAR
GET_STM32L1/TARGET_NUCLEO_L152RE/device/TOOLCHAIN_ARM_STD/startup_stm32l152xe.S
"
    1 00000000         #       1                "<built-in>" 1
    1 00000000         #       1                "mbed-os/targets/TARGET_STM/TAR
GET_STM32L1/TARGET_NUCLEO_L152RE/device/TOOLCHAIN_ARM_STD/startup_stm32l152xe.S
" 2
    1 00000000         ;******************** (C) COPYRIGHT 2016 STMicroelectron
                       ics ********************
    2 00000000         ;* File Name : startup_stm32l152xe.s
    3 00000000         ;* Author : MCD Application Team
    4 00000000         ;* Version : V2.2.0
    5 00000000         ;* Date : 01-July-2016
    6 00000000         ;* Description : STM32L152XE Devices vector for MDK-ARM 
                       toolchain.
    7 00000000         ;* This module performs:
    8 00000000         ;* - Set the initial SP
    9 00000000         ;* - Set the initial PC == Reset_Handler
   10 00000000         ;* - Set the vector table entries with the exceptions IS
                       R
   11 00000000         ;* address.
   12 00000000         ;* - Configure the system clock
   13 00000000         ;* - Branches to __main in the C library (which eventual
                       ly
   14 00000000         ;* calls main()).
   15 00000000         ;* After Reset the Cortex-M3 processor is in Thread mode
                       ,
   16 00000000         ;* priority is Privileged, and the Stack is set to Main.
                       
   17 00000000         ;*******************************************************
                       *************************
   18 00000000         ;*
   19 00000000         ;* COPYRIGHT(c) 2016 STMicroelectronics
   20 00000000         ;*
   21 00000000         ;* Redistribution and use in source and binary forms, wi
                       th or without modification,
   22 00000000         ;* are permitted provided that the following conditions 
                       are met:
   23 00000000         ;* 1. Redistributions of source code must retain the abo
                       ve copyright notice,
   24 00000000         ;* this list of conditions and the following disclaimer.
                       
   25 00000000         ;* 2. Redistributions in binary form must reproduce the 
                       above copyright notice,
   26 00000000         ;* this list of conditions and the following disclaimer 
                       in the documentation
   27 00000000         ;* and/or other materials provided with the distribution
                       .
   28 00000000         ;* 3. Neither the name of STMicroelectronics nor the nam
                       es of its contributors
   29 00000000         ;* may be used to endorse or promote products derived fr
                       om this software
   30 00000000         ;* without specific prior written permission.
   31 00000000         ;*
   32 00000000         ;* THIS SOFTWARE IS PROVIDED BY THE COPYRIGHT HOLDERS AN
                       D CONTRIBUTORS "AS IS"
   33 00000000         ;* AND ANY EXPRESS OR IMPLIED WARRANTIES, INCLUDING, BUT
                        NOT LIMITED TO, THE
   34 00000000         ;* IMPLIED WARRANTIES OF MERCHANTABILITY AND FITNESS FOR



ARM Macro Assembler    Page 2 


                        A PARTICULAR PURPOSE ARE
   35 00000000         ;* DISCLAIMED. IN NO EVENT SHALL THE COPYRIGHT HOLDER OR
                        CONTRIBUTORS BE LIABLE
   36 00000000         ;* FOR ANY DIRECT, INDIRECT, INCIDENTAL, SPECIAL, EXEMPL
                       ARY, OR CONSEQUENTIAL
   37 00000000         ;* DAMAGES (INCLUDING, BUT NOT LIMITED TO, PROCUREMENT O
                       F SUBSTITUTE GOODS OR
   38 00000000         ;* SERVICES; LOSS OF USE, DATA, OR PROFITS; OR BUSINESS 
                       INTERRUPTION) HOWEVER
   39 00000000         ;* CAUSED AND ON ANY THEORY OF LIABILITY, WHETHER IN CON
                       TRACT, STRICT LIABILITY,
   40 00000000         ;* OR TORT (INCLUDING NEGLIGENCE OR OTHERWISE) ARISING I
                       N ANY WAY OUT OF THE USE
   41 00000000         ;* OF THIS SOFTWARE, EVEN IF ADVISED OF THE POSSIBILITY 
                       OF SUCH DAMAGE.
   42 00000000         ;
   43 00000000         ;*******************************************************
                       ************************
   44 00000000         ;
   45 00000000         ; Amount of memory (in bytes) allocated for Stack
   46 00000000         ; Tailor this value to your application needs
   47 00000000         ; <h> Stack Configuration
   48 00000000         ; <o> Stack Size (in Bytes) <0x0-0xFFFFFFFF:8>
   49 00000000         ; </h>
   50 00000000         
   51 00000000 20014000 
                       __initial_sp
                               EQU              0x20014000  ; Top of RAM (80 KB
                                                            )
   52 00000000         
   53 00000000                 PRESERVE8
   54 00000000                 THUMB
   55 00000000         
   56 00000000         
   57 00000000         ; Vector Table Mapped to Address 0 at Reset
   58 00000000                 AREA             RESET, DATA, READONLY
   59 00000000                 EXPORT           __Vectors
   60 00000000                 EXPORT           __Vectors_End
   61 00000000                 EXPORT           __Vectors_Size
   62 00000000         
   63 00000000 20014000 
                       __Vectors
                               DCD              __initial_sp ; Top of Stack
   64 00000004 00000000        DCD              Reset_Handler ; Reset Handler
   65 00000008 00000000        DCD              NMI_Handler ; NMI Handler
   66 0000000C 00000000        DCD              HardFault_Handler ; Hard Fault 
                                                            Handler
   67 00000010 00000000        DCD              MemManage_Handler 
                                                            ; MPU Fault Handler
                                                            
   68 00000014 00000000        DCD              BusFault_Handler 
                                                            ; Bus Fault Handler
                                                            
   69 00000018 00000000        DCD              UsageFault_Handler ; Usage Faul
                                                            t Handler
   70 0000001C 00000000        DCD              0           ; Reserved
   71 00000020 00000000        DCD              0           ; Reserved
   72 00000024 00000000        DCD              0           ; Reserved
   73 00000028 00000000        DCD              0           ; Reserved



ARM Macro Assembler    Page 3 


   74 0000002C 00000000        DCD              SVC_Handler ; SVCall Handler
   75 00000030 00000000        DCD              DebugMon_Handler ; Debug Monito
                                                            r Handler
   76 00000034 00000000        DCD              0           ; Reserved
   77 00000038 00000000        DCD              PendSV_Handler ; PendSV Handler
                                                            
   78 0000003C 00000000        DCD              SysTick_Handler 
                                                            ; SysTick Handler
   79 00000040         
   80 00000040         ; External Interrupts
   81 00000040 00000000        DCD              WWDG_IRQHandler 
                                                            ; Window Watchdog
   82 00000044 00000000        DCD              PVD_IRQHandler ; PVD through EX
                                                            TI Line detect
   83 00000048 00000000        DCD              TAMPER_STAMP_IRQHandler ; Tampe
                                                            r and Time Stamp
   84 0000004C 00000000        DCD              RTC_WKUP_IRQHandler 
                                                            ; RTC Wakeup
   85 00000050 00000000        DCD              FLASH_IRQHandler ; FLASH
   86 00000054 00000000        DCD              RCC_IRQHandler ; RCC
   87 00000058 00000000        DCD              EXTI0_IRQHandler ; EXTI Line 0
   88 0000005C 00000000        DCD              EXTI1_IRQHandler ; EXTI Line 1
   89 00000060 00000000        DCD              EXTI2_IRQHandler ; EXTI Line 2
   90 00000064 00000000        DCD              EXTI3_IRQHandler ; EXTI Line 3
   91 00000068 00000000        DCD              EXTI4_IRQHandler ; EXTI Line 4
   92 0000006C 00000000        DCD              DMA1_Channel1_IRQHandler 
                                                            ; DMA1 Channel 1
   93 00000070 00000000        DCD              DMA1_Channel2_IRQHandler 
                                                            ; DMA1 Channel 2
   94 00000074 00000000        DCD              DMA1_Channel3_IRQHandler 
                                                            ; DMA1 Channel 3
   95 00000078 00000000        DCD              DMA1_Channel4_IRQHandler 
                                                            ; DMA1 Channel 4
   96 0000007C 00000000        DCD              DMA1_Channel5_IRQHandler 
                                                            ; DMA1 Channel 5
   97 00000080 00000000        DCD              DMA1_Channel6_IRQHandler 
                                                            ; DMA1 Channel 6
   98 00000084 00000000        DCD              DMA1_Channel7_IRQHandler 
                                                            ; DMA1 Channel 7
   99 00000088 00000000        DCD              ADC1_IRQHandler ; ADC1
  100 0000008C 00000000        DCD              USB_HP_IRQHandler 
                                                            ; USB High Priority
                                                            
  101 00000090 00000000        DCD              USB_LP_IRQHandler 
                                                            ; USB Low Priority
  102 00000094 00000000        DCD              DAC_IRQHandler ; DAC
  103 00000098 00000000        DCD              COMP_IRQHandler ; COMP through 
                                                            EXTI Line
  104 0000009C 00000000        DCD              EXTI9_5_IRQHandler 
                                                            ; EXTI Line 9..5
  105 000000A0 00000000        DCD              LCD_IRQHandler ; LCD
  106 000000A4 00000000        DCD              TIM9_IRQHandler ; TIM9
  107 000000A8 00000000        DCD              TIM10_IRQHandler ; TIM10
  108 000000AC 00000000        DCD              TIM11_IRQHandler ; TIM11
  109 000000B0 00000000        DCD              TIM2_IRQHandler ; TIM2
  110 000000B4 00000000        DCD              TIM3_IRQHandler ; TIM3
  111 000000B8 00000000        DCD              TIM4_IRQHandler ; TIM4
  112 000000BC 00000000        DCD              I2C1_EV_IRQHandler ; I2C1 Event
                                                            



ARM Macro Assembler    Page 4 


  113 000000C0 00000000        DCD              I2C1_ER_IRQHandler ; I2C1 Error
                                                            
  114 000000C4 00000000        DCD              I2C2_EV_IRQHandler ; I2C2 Event
                                                            
  115 000000C8 00000000        DCD              I2C2_ER_IRQHandler ; I2C2 Error
                                                            
  116 000000CC 00000000        DCD              SPI1_IRQHandler ; SPI1
  117 000000D0 00000000        DCD              SPI2_IRQHandler ; SPI2
  118 000000D4 00000000        DCD              USART1_IRQHandler ; USART1
  119 000000D8 00000000        DCD              USART2_IRQHandler ; USART2
  120 000000DC 00000000        DCD              USART3_IRQHandler ; USART3
  121 000000E0 00000000        DCD              EXTI15_10_IRQHandler 
                                                            ; EXTI Line 15..10
  122 000000E4 00000000        DCD              RTC_Alarm_IRQHandler ; RTC Alar
                                                            m through EXTI Line
                                                            
  123 000000E8 00000000        DCD              USB_FS_WKUP_IRQHandler ; USB FS
                                                             Wakeup from suspen
                                                            d
  124 000000EC 00000000        DCD              TIM6_IRQHandler ; TIM6
  125 000000F0 00000000        DCD              TIM7_IRQHandler ; TIM7
  126 000000F4 00000000        DCD              0           ; Reserved
  127 000000F8 00000000        DCD              TIM5_IRQHandler ; TIM5
  128 000000FC 00000000        DCD              SPI3_IRQHandler ; SPI3
  129 00000100 00000000        DCD              UART4_IRQHandler ; UART4
  130 00000104 00000000        DCD              UART5_IRQHandler ; UART5
  131 00000108 00000000        DCD              DMA2_Channel1_IRQHandler 
                                                            ; DMA2 Channel 1
  132 0000010C 00000000        DCD              DMA2_Channel2_IRQHandler 
                                                            ; DMA2 Channel 2
  133 00000110 00000000        DCD              DMA2_Channel3_IRQHandler 
                                                            ; DMA2 Channel 3
  134 00000114 00000000        DCD              DMA2_Channel4_IRQHandler 
                                                            ; DMA2 Channel 4
  135 00000118 00000000        DCD              DMA2_Channel5_IRQHandler 
                                                            ; DMA2 Channel 5
  136 0000011C 00000000        DCD              0           ; Reserved
  137 00000120 00000000        DCD              COMP_ACQ_IRQHandler ; Comparato
                                                            r Channel Acquisiti
                                                            on
  138 00000124         
  139 00000124         __Vectors_End
  140 00000124         
  141 00000124 00000124 
                       __Vectors_Size
                               EQU              __Vectors_End - __Vectors
  142 00000124         
  143 00000124                 AREA             |.text|, CODE, READONLY
  144 00000000         
  145 00000000         ; Reset handler routine
  146 00000000         Reset_Handler
                               PROC
  147 00000000                 EXPORT           Reset_Handler [WEAK]
  148 00000000                 IMPORT           __main
  149 00000000                 IMPORT           SystemInit
  150 00000000 4806            LDR              R0, =SystemInit
  151 00000002 4780            BLX              R0
  152 00000004 4806            LDR              R0, =__main
  153 00000006 4700            BX               R0



ARM Macro Assembler    Page 5 


  154 00000008                 ENDP
  155 00000008         
  156 00000008         ; Dummy Exception Handlers (infinite loops which can be 
                       modified)
  157 00000008         
  158 00000008         NMI_Handler
                               PROC
  159 00000008                 EXPORT           NMI_Handler [WEAK]
  160 00000008 E7FE            B                .
  161 0000000A                 ENDP
  162 0000000A         HardFault_Handler
                               PROC
  163 0000000A         
  164 0000000A                 EXPORT           HardFault_Handler [WEAK]
  165 0000000A E7FE            B                .
  166 0000000C                 ENDP
  167 0000000C         MemManage_Handler
                               PROC
  168 0000000C         
  169 0000000C                 EXPORT           MemManage_Handler [WEAK]
  170 0000000C E7FE            B                .
  171 0000000E                 ENDP
  172 0000000E         BusFault_Handler
                               PROC
  173 0000000E         
  174 0000000E                 EXPORT           BusFault_Handler [WEAK]
  175 0000000E E7FE            B                .
  176 00000010                 ENDP
  177 00000010         UsageFault_Handler
                               PROC
  178 00000010         
  179 00000010                 EXPORT           UsageFault_Handler [WEAK]
  180 00000010 E7FE            B                .
  181 00000012                 ENDP
  182 00000012         SVC_Handler
                               PROC
  183 00000012                 EXPORT           SVC_Handler [WEAK]
  184 00000012 E7FE            B                .
  185 00000014                 ENDP
  186 00000014         DebugMon_Handler
                               PROC
  187 00000014         
  188 00000014                 EXPORT           DebugMon_Handler [WEAK]
  189 00000014 E7FE            B                .
  190 00000016                 ENDP
  191 00000016         PendSV_Handler
                               PROC
  192 00000016                 EXPORT           PendSV_Handler [WEAK]
  193 00000016 E7FE            B                .
  194 00000018                 ENDP
  195 00000018         SysTick_Handler
                               PROC
  196 00000018                 EXPORT           SysTick_Handler [WEAK]
  197 00000018 E7FE            B                .
  198 0000001A                 ENDP
  199 0000001A         
  200 0000001A         Default_Handler
                               PROC
  201 0000001A         



ARM Macro Assembler    Page 6 


  202 0000001A                 EXPORT           WWDG_IRQHandler [WEAK]
  203 0000001A                 EXPORT           PVD_IRQHandler [WEAK]
  204 0000001A                 EXPORT           TAMPER_STAMP_IRQHandler [WEAK]
  205 0000001A                 EXPORT           RTC_WKUP_IRQHandler [WEAK]
  206 0000001A                 EXPORT           FLASH_IRQHandler [WEAK]
  207 0000001A                 EXPORT           RCC_IRQHandler [WEAK]
  208 0000001A                 EXPORT           EXTI0_IRQHandler [WEAK]
  209 0000001A                 EXPORT           EXTI1_IRQHandler [WEAK]
  210 0000001A                 EXPORT           EXTI2_IRQHandler [WEAK]
  211 0000001A                 EXPORT           EXTI3_IRQHandler [WEAK]
  212 0000001A                 EXPORT           EXTI4_IRQHandler [WEAK]
  213 0000001A                 EXPORT           DMA1_Channel1_IRQHandler [WEAK]
  214 0000001A                 EXPORT           DMA1_Channel2_IRQHandler [WEAK]
  215 0000001A                 EXPORT           DMA1_Channel3_IRQHandler [WEAK]
  216 0000001A                 EXPORT           DMA1_Channel4_IRQHandler [WEAK]
  217 0000001A                 EXPORT           DMA1_Channel5_IRQHandler [WEAK]
  218 0000001A                 EXPORT           DMA1_Channel6_IRQHandler [WEAK]
  219 0000001A                 EXPORT           DMA1_Channel7_IRQHandler [WEAK]
  220 0000001A                 EXPORT           ADC1_IRQHandler [WEAK]
  221 0000001A                 EXPORT           USB_HP_IRQHandler [WEAK]
  222 0000001A                 EXPORT           USB_LP_IRQHandler [WEAK]
  223 0000001A                 EXPORT           DAC_IRQHandler [WEAK]
  224 0000001A                 EXPORT           COMP_IRQHandler [WEAK]
  225 0000001A                 EXPORT           EXTI9_5_IRQHandler [WEAK]
  226 0000001A                 EXPORT           LCD_IRQHandler [WEAK]
  227 0000001A                 EXPORT           TIM9_IRQHandler [WEAK]
  228 0000001A                 EXPORT           TIM10_IRQHandler [WEAK]
  229 0000001A                 EXPORT           TIM11_IRQHandler [WEAK]
  230 0000001A                 EXPORT           TIM2_IRQHandler [WEAK]
  231 0000001A                 EXPORT           TIM3_IRQHandler [WEAK]
  232 0000001A                 EXPORT           TIM4_IRQHandler [WEAK]
  233 0000001A                 EXPORT           I2C1_EV_IRQHandler [WEAK]
  234 0000001A                 EXPORT           I2C1_ER_IRQHandler [WEAK]
  235 0000001A                 EXPORT           I2C2_EV_IRQHandler [WEAK]
  236 0000001A                 EXPORT           I2C2_ER_IRQHandler [WEAK]
  237 0000001A                 EXPORT           SPI1_IRQHandler [WEAK]
  238 0000001A                 EXPORT           SPI2_IRQHandler [WEAK]
  239 0000001A                 EXPORT           USART1_IRQHandler [WEAK]
  240 0000001A                 EXPORT           USART2_IRQHandler [WEAK]
  241 0000001A                 EXPORT           USART3_IRQHandler [WEAK]
  242 0000001A                 EXPORT           EXTI15_10_IRQHandler [WEAK]
  243 0000001A                 EXPORT           RTC_Alarm_IRQHandler [WEAK]
  244 0000001A                 EXPORT           USB_FS_WKUP_IRQHandler [WEAK]
  245 0000001A                 EXPORT           TIM6_IRQHandler [WEAK]
  246 0000001A                 EXPORT           TIM7_IRQHandler [WEAK]
  247 0000001A                 EXPORT           TIM5_IRQHandler [WEAK]
  248 0000001A                 EXPORT           SPI3_IRQHandler [WEAK]
  249 0000001A                 EXPORT           UART4_IRQHandler [WEAK]
  250 0000001A                 EXPORT           UART5_IRQHandler [WEAK]
  251 0000001A                 EXPORT           DMA2_Channel1_IRQHandler [WEAK]
  252 0000001A                 EXPORT           DMA2_Channel2_IRQHandler [WEAK]
  253 0000001A                 EXPORT           DMA2_Channel3_IRQHandler [WEAK]
  254 0000001A                 EXPORT           DMA2_Channel4_IRQHandler [WEAK]
  255 0000001A                 EXPORT           DMA2_Channel5_IRQHandler [WEAK]
  256 0000001A                 EXPORT           COMP_ACQ_IRQHandler [WEAK]
  257 0000001A         
  258 0000001A         WWDG_IRQHandler
  259 0000001A         PVD_IRQHandler
  260 0000001A         TAMPER_STAMP_IRQHandler



ARM Macro Assembler    Page 7 


  261 0000001A         RTC_WKUP_IRQHandler
  262 0000001A         FLASH_IRQHandler
  263 0000001A         RCC_IRQHandler
  264 0000001A         EXTI0_IRQHandler
  265 0000001A         EXTI1_IRQHandler
  266 0000001A         EXTI2_IRQHandler
  267 0000001A         EXTI3_IRQHandler
  268 0000001A         EXTI4_IRQHandler
  269 0000001A         DMA1_Channel1_IRQHandler
  270 0000001A         DMA1_Channel2_IRQHandler
  271 0000001A         DMA1_Channel3_IRQHandler
  272 0000001A         DMA1_Channel4_IRQHandler
  273 0000001A         DMA1_Channel5_IRQHandler
  274 0000001A         DMA1_Channel6_IRQHandler
  275 0000001A         DMA1_Channel7_IRQHandler
  276 0000001A         ADC1_IRQHandler
  277 0000001A         USB_HP_IRQHandler
  278 0000001A         USB_LP_IRQHandler
  279 0000001A         DAC_IRQHandler
  280 0000001A         COMP_IRQHandler
  281 0000001A         EXTI9_5_IRQHandler
  282 0000001A         LCD_IRQHandler
  283 0000001A         TIM9_IRQHandler
  284 0000001A         TIM10_IRQHandler
  285 0000001A         TIM11_IRQHandler
  286 0000001A         TIM2_IRQHandler
  287 0000001A         TIM3_IRQHandler
  288 0000001A         TIM4_IRQHandler
  289 0000001A         I2C1_EV_IRQHandler
  290 0000001A         I2C1_ER_IRQHandler
  291 0000001A         I2C2_EV_IRQHandler
  292 0000001A         I2C2_ER_IRQHandler
  293 0000001A         SPI1_IRQHandler
  294 0000001A         SPI2_IRQHandler
  295 0000001A         USART1_IRQHandler
  296 0000001A         USART2_IRQHandler
  297 0000001A         USART3_IRQHandler
  298 0000001A         EXTI15_10_IRQHandler
  299 0000001A         RTC_Alarm_IRQHandler
  300 0000001A         USB_FS_WKUP_IRQHandler
  301 0000001A         TIM6_IRQHandler
  302 0000001A         TIM7_IRQHandler
  303 0000001A         TIM5_IRQHandler
  304 0000001A         SPI3_IRQHandler
  305 0000001A         UART4_IRQHandler
  306 0000001A         UART5_IRQHandler
  307 0000001A         DMA2_Channel1_IRQHandler
  308 0000001A         DMA2_Channel2_IRQHandler
  309 0000001A         DMA2_Channel3_IRQHandler
  310 0000001A         DMA2_Channel4_IRQHandler
  311 0000001A         DMA2_Channel5_IRQHandler
  312 0000001A         COMP_ACQ_IRQHandler
  313 0000001A         
  314 0000001A E7FE            B                .
  315 0000001C         
  316 0000001C                 ENDP
  317 0000001C         
  318 0000001C                 ALIGN
  319 0000001C                 END



ARM Macro Assembler    Page 8 


              00000000 
              00000000 
Command Line: --debug --xref --cpreproc --diag_suppress=9931 --cpu=Cortex-M3 -o
.\build\startup_stm32l152xe.o -I.\RTE\_Nucleo_rtos_basic_f7 -IC:\Users\Luca\App
Data\Local\Arm\Packs\Keil\STM32L1xx_DFP\1.2.0\Device\Include -II:\HDDProgInstal
l\keil\ARM\CMSIS\Include --predefine="__UVISION_VERSION SETA 529" --predefine="
STM32L152xE SETA 1" --cpreproc_opts=-D__ASSERT_MSG,-D__CMSIS_RTOS,-D__MBED_CMSI
S_RTOS_CM,-DTRANSACTION_QUEUE_SIZE_SPI=2,-D__CORTEX_M3,-DARM_MATH_CM3,--target=
arm-arm-none-eabi,-mcpu=cortex-m3,-D__UVISION_VERSION=529,-DSTM32L152xE --list=
.\build\startup_stm32l152xe.lst mbed-os/targets/TARGET_STM/TARGET_STM32L1/TARGE
T_NUCLEO_L152RE/device/TOOLCHAIN_ARM_STD/startup_stm32l152xe.S



ARM Macro Assembler    Page 1 Alphabetic symbol ordering
Relocatable symbols

RESET 00000000

Symbol: RESET
   Definitions
      At line 58 in file mbed-os\targets\TARGET_STM\TARGET_STM32L1\TARGET_NUCLE
O_L152RE\device\TOOLCHAIN_ARM_STD\startup_stm32l152xe.S
   Uses
      None
Comment: RESET unused
__Vectors 00000000

Symbol: __Vectors
   Definitions
      At line 63 in file mbed-os\targets\TARGET_STM\TARGET_STM32L1\TARGET_NUCLE
O_L152RE\device\TOOLCHAIN_ARM_STD\startup_stm32l152xe.S
   Uses
      At line 59 in file mbed-os\targets\TARGET_STM\TARGET_STM32L1\TARGET_NUCLE
O_L152RE\device\TOOLCHAIN_ARM_STD\startup_stm32l152xe.S
      At line 141 in file mbed-os\targets\TARGET_STM\TARGET_STM32L1\TARGET_NUCL
EO_L152RE\device\TOOLCHAIN_ARM_STD\startup_stm32l152xe.S

__Vectors_End 00000124

Symbol: __Vectors_End
   Definitions
      At line 139 in file mbed-os\targets\TARGET_STM\TARGET_STM32L1\TARGET_NUCL
EO_L152RE\device\TOOLCHAIN_ARM_STD\startup_stm32l152xe.S
   Uses
      At line 60 in file mbed-os\targets\TARGET_STM\TARGET_STM32L1\TARGET_NUCLE
O_L152RE\device\TOOLCHAIN_ARM_STD\startup_stm32l152xe.S
      At line 141 in file mbed-os\targets\TARGET_STM\TARGET_STM32L1\TARGET_NUCL
EO_L152RE\device\TOOLCHAIN_ARM_STD\startup_stm32l152xe.S

3 symbols



ARM Macro Assembler    Page 1 Alphabetic symbol ordering
Relocatable symbols

.text 00000000

Symbol: .text
   Definitions
      At line 143 in file mbed-os\targets\TARGET_STM\TARGET_STM32L1\TARGET_NUCL
EO_L152RE\device\TOOLCHAIN_ARM_STD\startup_stm32l152xe.S
   Uses
      None
Comment: .text unused
ADC1_IRQHandler 0000001A

Symbol: ADC1_IRQHandler
   Definitions
      At line 276 in file mbed-os\targets\TARGET_STM\TARGET_STM32L1\TARGET_NUCL
EO_L152RE\device\TOOLCHAIN_ARM_STD\startup_stm32l152xe.S
   Uses
      At line 99 in file mbed-os\targets\TARGET_STM\TARGET_STM32L1\TARGET_NUCLE
O_L152RE\device\TOOLCHAIN_ARM_STD\startup_stm32l152xe.S
      At line 220 in file mbed-os\targets\TARGET_STM\TARGET_STM32L1\TARGET_NUCL
EO_L152RE\device\TOOLCHAIN_ARM_STD\startup_stm32l152xe.S

BusFault_Handler 0000000E

Symbol: BusFault_Handler
   Definitions
      At line 172 in file mbed-os\targets\TARGET_STM\TARGET_STM32L1\TARGET_NUCL
EO_L152RE\device\TOOLCHAIN_ARM_STD\startup_stm32l152xe.S
   Uses
      At line 68 in file mbed-os\targets\TARGET_STM\TARGET_STM32L1\TARGET_NUCLE
O_L152RE\device\TOOLCHAIN_ARM_STD\startup_stm32l152xe.S
      At line 174 in file mbed-os\targets\TARGET_STM\TARGET_STM32L1\TARGET_NUCL
EO_L152RE\device\TOOLCHAIN_ARM_STD\startup_stm32l152xe.S

COMP_ACQ_IRQHandler 0000001A

Symbol: COMP_ACQ_IRQHandler
   Definitions
      At line 312 in file mbed-os\targets\TARGET_STM\TARGET_STM32L1\TARGET_NUCL
EO_L152RE\device\TOOLCHAIN_ARM_STD\startup_stm32l152xe.S
   Uses
      At line 137 in file mbed-os\targets\TARGET_STM\TARGET_STM32L1\TARGET_NUCL
EO_L152RE\device\TOOLCHAIN_ARM_STD\startup_stm32l152xe.S
      At line 256 in file mbed-os\targets\TARGET_STM\TARGET_STM32L1\TARGET_NUCL
EO_L152RE\device\TOOLCHAIN_ARM_STD\startup_stm32l152xe.S

COMP_IRQHandler 0000001A

Symbol: COMP_IRQHandler
   Definitions
      At line 280 in file mbed-os\targets\TARGET_STM\TARGET_STM32L1\TARGET_NUCL
EO_L152RE\device\TOOLCHAIN_ARM_STD\startup_stm32l152xe.S
   Uses
      At line 103 in file mbed-os\targets\TARGET_STM\TARGET_STM32L1\TARGET_NUCL
EO_L152RE\device\TOOLCHAIN_ARM_STD\startup_stm32l152xe.S
      At line 224 in file mbed-os\targets\TARGET_STM\TARGET_STM32L1\TARGET_NUCL
EO_L152RE\device\TOOLCHAIN_ARM_STD\startup_stm32l152xe.S

DAC_IRQHandler 0000001A




ARM Macro Assembler    Page 2 Alphabetic symbol ordering
Relocatable symbols

Symbol: DAC_IRQHandler
   Definitions
      At line 279 in file mbed-os\targets\TARGET_STM\TARGET_STM32L1\TARGET_NUCL
EO_L152RE\device\TOOLCHAIN_ARM_STD\startup_stm32l152xe.S
   Uses
      At line 102 in file mbed-os\targets\TARGET_STM\TARGET_STM32L1\TARGET_NUCL
EO_L152RE\device\TOOLCHAIN_ARM_STD\startup_stm32l152xe.S
      At line 223 in file mbed-os\targets\TARGET_STM\TARGET_STM32L1\TARGET_NUCL
EO_L152RE\device\TOOLCHAIN_ARM_STD\startup_stm32l152xe.S

DMA1_Channel1_IRQHandler 0000001A

Symbol: DMA1_Channel1_IRQHandler
   Definitions
      At line 269 in file mbed-os\targets\TARGET_STM\TARGET_STM32L1\TARGET_NUCL
EO_L152RE\device\TOOLCHAIN_ARM_STD\startup_stm32l152xe.S
   Uses
      At line 92 in file mbed-os\targets\TARGET_STM\TARGET_STM32L1\TARGET_NUCLE
O_L152RE\device\TOOLCHAIN_ARM_STD\startup_stm32l152xe.S
      At line 213 in file mbed-os\targets\TARGET_STM\TARGET_STM32L1\TARGET_NUCL
EO_L152RE\device\TOOLCHAIN_ARM_STD\startup_stm32l152xe.S

DMA1_Channel2_IRQHandler 0000001A

Symbol: DMA1_Channel2_IRQHandler
   Definitions
      At line 270 in file mbed-os\targets\TARGET_STM\TARGET_STM32L1\TARGET_NUCL
EO_L152RE\device\TOOLCHAIN_ARM_STD\startup_stm32l152xe.S
   Uses
      At line 93 in file mbed-os\targets\TARGET_STM\TARGET_STM32L1\TARGET_NUCLE
O_L152RE\device\TOOLCHAIN_ARM_STD\startup_stm32l152xe.S
      At line 214 in file mbed-os\targets\TARGET_STM\TARGET_STM32L1\TARGET_NUCL
EO_L152RE\device\TOOLCHAIN_ARM_STD\startup_stm32l152xe.S

DMA1_Channel3_IRQHandler 0000001A

Symbol: DMA1_Channel3_IRQHandler
   Definitions
      At line 271 in file mbed-os\targets\TARGET_STM\TARGET_STM32L1\TARGET_NUCL
EO_L152RE\device\TOOLCHAIN_ARM_STD\startup_stm32l152xe.S
   Uses
      At line 94 in file mbed-os\targets\TARGET_STM\TARGET_STM32L1\TARGET_NUCLE
O_L152RE\device\TOOLCHAIN_ARM_STD\startup_stm32l152xe.S
      At line 215 in file mbed-os\targets\TARGET_STM\TARGET_STM32L1\TARGET_NUCL
EO_L152RE\device\TOOLCHAIN_ARM_STD\startup_stm32l152xe.S

DMA1_Channel4_IRQHandler 0000001A

Symbol: DMA1_Channel4_IRQHandler
   Definitions
      At line 272 in file mbed-os\targets\TARGET_STM\TARGET_STM32L1\TARGET_NUCL
EO_L152RE\device\TOOLCHAIN_ARM_STD\startup_stm32l152xe.S
   Uses
      At line 95 in file mbed-os\targets\TARGET_STM\TARGET_STM32L1\TARGET_NUCLE
O_L152RE\device\TOOLCHAIN_ARM_STD\startup_stm32l152xe.S
      At line 216 in file mbed-os\targets\TARGET_STM\TARGET_STM32L1\TARGET_NUCL
EO_L152RE\device\TOOLCHAIN_ARM_STD\startup_stm32l152xe.S

DMA1_Channel5_IRQHandler 0000001A



ARM Macro Assembler    Page 3 Alphabetic symbol ordering
Relocatable symbols


Symbol: DMA1_Channel5_IRQHandler
   Definitions
      At line 273 in file mbed-os\targets\TARGET_STM\TARGET_STM32L1\TARGET_NUCL
EO_L152RE\device\TOOLCHAIN_ARM_STD\startup_stm32l152xe.S
   Uses
      At line 96 in file mbed-os\targets\TARGET_STM\TARGET_STM32L1\TARGET_NUCLE
O_L152RE\device\TOOLCHAIN_ARM_STD\startup_stm32l152xe.S
      At line 217 in file mbed-os\targets\TARGET_STM\TARGET_STM32L1\TARGET_NUCL
EO_L152RE\device\TOOLCHAIN_ARM_STD\startup_stm32l152xe.S

DMA1_Channel6_IRQHandler 0000001A

Symbol: DMA1_Channel6_IRQHandler
   Definitions
      At line 274 in file mbed-os\targets\TARGET_STM\TARGET_STM32L1\TARGET_NUCL
EO_L152RE\device\TOOLCHAIN_ARM_STD\startup_stm32l152xe.S
   Uses
      At line 97 in file mbed-os\targets\TARGET_STM\TARGET_STM32L1\TARGET_NUCLE
O_L152RE\device\TOOLCHAIN_ARM_STD\startup_stm32l152xe.S
      At line 218 in file mbed-os\targets\TARGET_STM\TARGET_STM32L1\TARGET_NUCL
EO_L152RE\device\TOOLCHAIN_ARM_STD\startup_stm32l152xe.S

DMA1_Channel7_IRQHandler 0000001A

Symbol: DMA1_Channel7_IRQHandler
   Definitions
      At line 275 in file mbed-os\targets\TARGET_STM\TARGET_STM32L1\TARGET_NUCL
EO_L152RE\device\TOOLCHAIN_ARM_STD\startup_stm32l152xe.S
   Uses
      At line 98 in file mbed-os\targets\TARGET_STM\TARGET_STM32L1\TARGET_NUCLE
O_L152RE\device\TOOLCHAIN_ARM_STD\startup_stm32l152xe.S
      At line 219 in file mbed-os\targets\TARGET_STM\TARGET_STM32L1\TARGET_NUCL
EO_L152RE\device\TOOLCHAIN_ARM_STD\startup_stm32l152xe.S

DMA2_Channel1_IRQHandler 0000001A

Symbol: DMA2_Channel1_IRQHandler
   Definitions
      At line 307 in file mbed-os\targets\TARGET_STM\TARGET_STM32L1\TARGET_NUCL
EO_L152RE\device\TOOLCHAIN_ARM_STD\startup_stm32l152xe.S
   Uses
      At line 131 in file mbed-os\targets\TARGET_STM\TARGET_STM32L1\TARGET_NUCL
EO_L152RE\device\TOOLCHAIN_ARM_STD\startup_stm32l152xe.S
      At line 251 in file mbed-os\targets\TARGET_STM\TARGET_STM32L1\TARGET_NUCL
EO_L152RE\device\TOOLCHAIN_ARM_STD\startup_stm32l152xe.S

DMA2_Channel2_IRQHandler 0000001A

Symbol: DMA2_Channel2_IRQHandler
   Definitions
      At line 308 in file mbed-os\targets\TARGET_STM\TARGET_STM32L1\TARGET_NUCL
EO_L152RE\device\TOOLCHAIN_ARM_STD\startup_stm32l152xe.S
   Uses
      At line 132 in file mbed-os\targets\TARGET_STM\TARGET_STM32L1\TARGET_NUCL
EO_L152RE\device\TOOLCHAIN_ARM_STD\startup_stm32l152xe.S
      At line 252 in file mbed-os\targets\TARGET_STM\TARGET_STM32L1\TARGET_NUCL
EO_L152RE\device\TOOLCHAIN_ARM_STD\startup_stm32l152xe.S




ARM Macro Assembler    Page 4 Alphabetic symbol ordering
Relocatable symbols

DMA2_Channel3_IRQHandler 0000001A

Symbol: DMA2_Channel3_IRQHandler
   Definitions
      At line 309 in file mbed-os\targets\TARGET_STM\TARGET_STM32L1\TARGET_NUCL
EO_L152RE\device\TOOLCHAIN_ARM_STD\startup_stm32l152xe.S
   Uses
      At line 133 in file mbed-os\targets\TARGET_STM\TARGET_STM32L1\TARGET_NUCL
EO_L152RE\device\TOOLCHAIN_ARM_STD\startup_stm32l152xe.S
      At line 253 in file mbed-os\targets\TARGET_STM\TARGET_STM32L1\TARGET_NUCL
EO_L152RE\device\TOOLCHAIN_ARM_STD\startup_stm32l152xe.S

DMA2_Channel4_IRQHandler 0000001A

Symbol: DMA2_Channel4_IRQHandler
   Definitions
      At line 310 in file mbed-os\targets\TARGET_STM\TARGET_STM32L1\TARGET_NUCL
EO_L152RE\device\TOOLCHAIN_ARM_STD\startup_stm32l152xe.S
   Uses
      At line 134 in file mbed-os\targets\TARGET_STM\TARGET_STM32L1\TARGET_NUCL
EO_L152RE\device\TOOLCHAIN_ARM_STD\startup_stm32l152xe.S
      At line 254 in file mbed-os\targets\TARGET_STM\TARGET_STM32L1\TARGET_NUCL
EO_L152RE\device\TOOLCHAIN_ARM_STD\startup_stm32l152xe.S

DMA2_Channel5_IRQHandler 0000001A

Symbol: DMA2_Channel5_IRQHandler
   Definitions
      At line 311 in file mbed-os\targets\TARGET_STM\TARGET_STM32L1\TARGET_NUCL
EO_L152RE\device\TOOLCHAIN_ARM_STD\startup_stm32l152xe.S
   Uses
      At line 135 in file mbed-os\targets\TARGET_STM\TARGET_STM32L1\TARGET_NUCL
EO_L152RE\device\TOOLCHAIN_ARM_STD\startup_stm32l152xe.S
      At line 255 in file mbed-os\targets\TARGET_STM\TARGET_STM32L1\TARGET_NUCL
EO_L152RE\device\TOOLCHAIN_ARM_STD\startup_stm32l152xe.S

DebugMon_Handler 00000014

Symbol: DebugMon_Handler
   Definitions
      At line 186 in file mbed-os\targets\TARGET_STM\TARGET_STM32L1\TARGET_NUCL
EO_L152RE\device\TOOLCHAIN_ARM_STD\startup_stm32l152xe.S
   Uses
      At line 75 in file mbed-os\targets\TARGET_STM\TARGET_STM32L1\TARGET_NUCLE
O_L152RE\device\TOOLCHAIN_ARM_STD\startup_stm32l152xe.S
      At line 188 in file mbed-os\targets\TARGET_STM\TARGET_STM32L1\TARGET_NUCL
EO_L152RE\device\TOOLCHAIN_ARM_STD\startup_stm32l152xe.S

Default_Handler 0000001A

Symbol: Default_Handler
   Definitions
      At line 200 in file mbed-os\targets\TARGET_STM\TARGET_STM32L1\TARGET_NUCL
EO_L152RE\device\TOOLCHAIN_ARM_STD\startup_stm32l152xe.S
   Uses
      None
Comment: Default_Handler unused
EXTI0_IRQHandler 0000001A




ARM Macro Assembler    Page 5 Alphabetic symbol ordering
Relocatable symbols

Symbol: EXTI0_IRQHandler
   Definitions
      At line 264 in file mbed-os\targets\TARGET_STM\TARGET_STM32L1\TARGET_NUCL
EO_L152RE\device\TOOLCHAIN_ARM_STD\startup_stm32l152xe.S
   Uses
      At line 87 in file mbed-os\targets\TARGET_STM\TARGET_STM32L1\TARGET_NUCLE
O_L152RE\device\TOOLCHAIN_ARM_STD\startup_stm32l152xe.S
      At line 208 in file mbed-os\targets\TARGET_STM\TARGET_STM32L1\TARGET_NUCL
EO_L152RE\device\TOOLCHAIN_ARM_STD\startup_stm32l152xe.S

EXTI15_10_IRQHandler 0000001A

Symbol: EXTI15_10_IRQHandler
   Definitions
      At line 298 in file mbed-os\targets\TARGET_STM\TARGET_STM32L1\TARGET_NUCL
EO_L152RE\device\TOOLCHAIN_ARM_STD\startup_stm32l152xe.S
   Uses
      At line 121 in file mbed-os\targets\TARGET_STM\TARGET_STM32L1\TARGET_NUCL
EO_L152RE\device\TOOLCHAIN_ARM_STD\startup_stm32l152xe.S
      At line 242 in file mbed-os\targets\TARGET_STM\TARGET_STM32L1\TARGET_NUCL
EO_L152RE\device\TOOLCHAIN_ARM_STD\startup_stm32l152xe.S

EXTI1_IRQHandler 0000001A

Symbol: EXTI1_IRQHandler
   Definitions
      At line 265 in file mbed-os\targets\TARGET_STM\TARGET_STM32L1\TARGET_NUCL
EO_L152RE\device\TOOLCHAIN_ARM_STD\startup_stm32l152xe.S
   Uses
      At line 88 in file mbed-os\targets\TARGET_STM\TARGET_STM32L1\TARGET_NUCLE
O_L152RE\device\TOOLCHAIN_ARM_STD\startup_stm32l152xe.S
      At line 209 in file mbed-os\targets\TARGET_STM\TARGET_STM32L1\TARGET_NUCL
EO_L152RE\device\TOOLCHAIN_ARM_STD\startup_stm32l152xe.S

EXTI2_IRQHandler 0000001A

Symbol: EXTI2_IRQHandler
   Definitions
      At line 266 in file mbed-os\targets\TARGET_STM\TARGET_STM32L1\TARGET_NUCL
EO_L152RE\device\TOOLCHAIN_ARM_STD\startup_stm32l152xe.S
   Uses
      At line 89 in file mbed-os\targets\TARGET_STM\TARGET_STM32L1\TARGET_NUCLE
O_L152RE\device\TOOLCHAIN_ARM_STD\startup_stm32l152xe.S
      At line 210 in file mbed-os\targets\TARGET_STM\TARGET_STM32L1\TARGET_NUCL
EO_L152RE\device\TOOLCHAIN_ARM_STD\startup_stm32l152xe.S

EXTI3_IRQHandler 0000001A

Symbol: EXTI3_IRQHandler
   Definitions
      At line 267 in file mbed-os\targets\TARGET_STM\TARGET_STM32L1\TARGET_NUCL
EO_L152RE\device\TOOLCHAIN_ARM_STD\startup_stm32l152xe.S
   Uses
      At line 90 in file mbed-os\targets\TARGET_STM\TARGET_STM32L1\TARGET_NUCLE
O_L152RE\device\TOOLCHAIN_ARM_STD\startup_stm32l152xe.S
      At line 211 in file mbed-os\targets\TARGET_STM\TARGET_STM32L1\TARGET_NUCL
EO_L152RE\device\TOOLCHAIN_ARM_STD\startup_stm32l152xe.S

EXTI4_IRQHandler 0000001A



ARM Macro Assembler    Page 6 Alphabetic symbol ordering
Relocatable symbols


Symbol: EXTI4_IRQHandler
   Definitions
      At line 268 in file mbed-os\targets\TARGET_STM\TARGET_STM32L1\TARGET_NUCL
EO_L152RE\device\TOOLCHAIN_ARM_STD\startup_stm32l152xe.S
   Uses
      At line 91 in file mbed-os\targets\TARGET_STM\TARGET_STM32L1\TARGET_NUCLE
O_L152RE\device\TOOLCHAIN_ARM_STD\startup_stm32l152xe.S
      At line 212 in file mbed-os\targets\TARGET_STM\TARGET_STM32L1\TARGET_NUCL
EO_L152RE\device\TOOLCHAIN_ARM_STD\startup_stm32l152xe.S

EXTI9_5_IRQHandler 0000001A

Symbol: EXTI9_5_IRQHandler
   Definitions
      At line 281 in file mbed-os\targets\TARGET_STM\TARGET_STM32L1\TARGET_NUCL
EO_L152RE\device\TOOLCHAIN_ARM_STD\startup_stm32l152xe.S
   Uses
      At line 104 in file mbed-os\targets\TARGET_STM\TARGET_STM32L1\TARGET_NUCL
EO_L152RE\device\TOOLCHAIN_ARM_STD\startup_stm32l152xe.S
      At line 225 in file mbed-os\targets\TARGET_STM\TARGET_STM32L1\TARGET_NUCL
EO_L152RE\device\TOOLCHAIN_ARM_STD\startup_stm32l152xe.S

FLASH_IRQHandler 0000001A

Symbol: FLASH_IRQHandler
   Definitions
      At line 262 in file mbed-os\targets\TARGET_STM\TARGET_STM32L1\TARGET_NUCL
EO_L152RE\device\TOOLCHAIN_ARM_STD\startup_stm32l152xe.S
   Uses
      At line 85 in file mbed-os\targets\TARGET_STM\TARGET_STM32L1\TARGET_NUCLE
O_L152RE\device\TOOLCHAIN_ARM_STD\startup_stm32l152xe.S
      At line 206 in file mbed-os\targets\TARGET_STM\TARGET_STM32L1\TARGET_NUCL
EO_L152RE\device\TOOLCHAIN_ARM_STD\startup_stm32l152xe.S

HardFault_Handler 0000000A

Symbol: HardFault_Handler
   Definitions
      At line 162 in file mbed-os\targets\TARGET_STM\TARGET_STM32L1\TARGET_NUCL
EO_L152RE\device\TOOLCHAIN_ARM_STD\startup_stm32l152xe.S
   Uses
      At line 66 in file mbed-os\targets\TARGET_STM\TARGET_STM32L1\TARGET_NUCLE
O_L152RE\device\TOOLCHAIN_ARM_STD\startup_stm32l152xe.S
      At line 164 in file mbed-os\targets\TARGET_STM\TARGET_STM32L1\TARGET_NUCL
EO_L152RE\device\TOOLCHAIN_ARM_STD\startup_stm32l152xe.S

I2C1_ER_IRQHandler 0000001A

Symbol: I2C1_ER_IRQHandler
   Definitions
      At line 290 in file mbed-os\targets\TARGET_STM\TARGET_STM32L1\TARGET_NUCL
EO_L152RE\device\TOOLCHAIN_ARM_STD\startup_stm32l152xe.S
   Uses
      At line 113 in file mbed-os\targets\TARGET_STM\TARGET_STM32L1\TARGET_NUCL
EO_L152RE\device\TOOLCHAIN_ARM_STD\startup_stm32l152xe.S
      At line 234 in file mbed-os\targets\TARGET_STM\TARGET_STM32L1\TARGET_NUCL
EO_L152RE\device\TOOLCHAIN_ARM_STD\startup_stm32l152xe.S




ARM Macro Assembler    Page 7 Alphabetic symbol ordering
Relocatable symbols

I2C1_EV_IRQHandler 0000001A

Symbol: I2C1_EV_IRQHandler
   Definitions
      At line 289 in file mbed-os\targets\TARGET_STM\TARGET_STM32L1\TARGET_NUCL
EO_L152RE\device\TOOLCHAIN_ARM_STD\startup_stm32l152xe.S
   Uses
      At line 112 in file mbed-os\targets\TARGET_STM\TARGET_STM32L1\TARGET_NUCL
EO_L152RE\device\TOOLCHAIN_ARM_STD\startup_stm32l152xe.S
      At line 233 in file mbed-os\targets\TARGET_STM\TARGET_STM32L1\TARGET_NUCL
EO_L152RE\device\TOOLCHAIN_ARM_STD\startup_stm32l152xe.S

I2C2_ER_IRQHandler 0000001A

Symbol: I2C2_ER_IRQHandler
   Definitions
      At line 292 in file mbed-os\targets\TARGET_STM\TARGET_STM32L1\TARGET_NUCL
EO_L152RE\device\TOOLCHAIN_ARM_STD\startup_stm32l152xe.S
   Uses
      At line 115 in file mbed-os\targets\TARGET_STM\TARGET_STM32L1\TARGET_NUCL
EO_L152RE\device\TOOLCHAIN_ARM_STD\startup_stm32l152xe.S
      At line 236 in file mbed-os\targets\TARGET_STM\TARGET_STM32L1\TARGET_NUCL
EO_L152RE\device\TOOLCHAIN_ARM_STD\startup_stm32l152xe.S

I2C2_EV_IRQHandler 0000001A

Symbol: I2C2_EV_IRQHandler
   Definitions
      At line 291 in file mbed-os\targets\TARGET_STM\TARGET_STM32L1\TARGET_NUCL
EO_L152RE\device\TOOLCHAIN_ARM_STD\startup_stm32l152xe.S
   Uses
      At line 114 in file mbed-os\targets\TARGET_STM\TARGET_STM32L1\TARGET_NUCL
EO_L152RE\device\TOOLCHAIN_ARM_STD\startup_stm32l152xe.S
      At line 235 in file mbed-os\targets\TARGET_STM\TARGET_STM32L1\TARGET_NUCL
EO_L152RE\device\TOOLCHAIN_ARM_STD\startup_stm32l152xe.S

LCD_IRQHandler 0000001A

Symbol: LCD_IRQHandler
   Definitions
      At line 282 in file mbed-os\targets\TARGET_STM\TARGET_STM32L1\TARGET_NUCL
EO_L152RE\device\TOOLCHAIN_ARM_STD\startup_stm32l152xe.S
   Uses
      At line 105 in file mbed-os\targets\TARGET_STM\TARGET_STM32L1\TARGET_NUCL
EO_L152RE\device\TOOLCHAIN_ARM_STD\startup_stm32l152xe.S
      At line 226 in file mbed-os\targets\TARGET_STM\TARGET_STM32L1\TARGET_NUCL
EO_L152RE\device\TOOLCHAIN_ARM_STD\startup_stm32l152xe.S

MemManage_Handler 0000000C

Symbol: MemManage_Handler
   Definitions
      At line 167 in file mbed-os\targets\TARGET_STM\TARGET_STM32L1\TARGET_NUCL
EO_L152RE\device\TOOLCHAIN_ARM_STD\startup_stm32l152xe.S
   Uses
      At line 67 in file mbed-os\targets\TARGET_STM\TARGET_STM32L1\TARGET_NUCLE
O_L152RE\device\TOOLCHAIN_ARM_STD\startup_stm32l152xe.S
      At line 169 in file mbed-os\targets\TARGET_STM\TARGET_STM32L1\TARGET_NUCL
EO_L152RE\device\TOOLCHAIN_ARM_STD\startup_stm32l152xe.S



ARM Macro Assembler    Page 8 Alphabetic symbol ordering
Relocatable symbols


NMI_Handler 00000008

Symbol: NMI_Handler
   Definitions
      At line 158 in file mbed-os\targets\TARGET_STM\TARGET_STM32L1\TARGET_NUCL
EO_L152RE\device\TOOLCHAIN_ARM_STD\startup_stm32l152xe.S
   Uses
      At line 65 in file mbed-os\targets\TARGET_STM\TARGET_STM32L1\TARGET_NUCLE
O_L152RE\device\TOOLCHAIN_ARM_STD\startup_stm32l152xe.S
      At line 159 in file mbed-os\targets\TARGET_STM\TARGET_STM32L1\TARGET_NUCL
EO_L152RE\device\TOOLCHAIN_ARM_STD\startup_stm32l152xe.S

PVD_IRQHandler 0000001A

Symbol: PVD_IRQHandler
   Definitions
      At line 259 in file mbed-os\targets\TARGET_STM\TARGET_STM32L1\TARGET_NUCL
EO_L152RE\device\TOOLCHAIN_ARM_STD\startup_stm32l152xe.S
   Uses
      At line 82 in file mbed-os\targets\TARGET_STM\TARGET_STM32L1\TARGET_NUCLE
O_L152RE\device\TOOLCHAIN_ARM_STD\startup_stm32l152xe.S
      At line 203 in file mbed-os\targets\TARGET_STM\TARGET_STM32L1\TARGET_NUCL
EO_L152RE\device\TOOLCHAIN_ARM_STD\startup_stm32l152xe.S

PendSV_Handler 00000016

Symbol: PendSV_Handler
   Definitions
      At line 191 in file mbed-os\targets\TARGET_STM\TARGET_STM32L1\TARGET_NUCL
EO_L152RE\device\TOOLCHAIN_ARM_STD\startup_stm32l152xe.S
   Uses
      At line 77 in file mbed-os\targets\TARGET_STM\TARGET_STM32L1\TARGET_NUCLE
O_L152RE\device\TOOLCHAIN_ARM_STD\startup_stm32l152xe.S
      At line 192 in file mbed-os\targets\TARGET_STM\TARGET_STM32L1\TARGET_NUCL
EO_L152RE\device\TOOLCHAIN_ARM_STD\startup_stm32l152xe.S

RCC_IRQHandler 0000001A

Symbol: RCC_IRQHandler
   Definitions
      At line 263 in file mbed-os\targets\TARGET_STM\TARGET_STM32L1\TARGET_NUCL
EO_L152RE\device\TOOLCHAIN_ARM_STD\startup_stm32l152xe.S
   Uses
      At line 86 in file mbed-os\targets\TARGET_STM\TARGET_STM32L1\TARGET_NUCLE
O_L152RE\device\TOOLCHAIN_ARM_STD\startup_stm32l152xe.S
      At line 207 in file mbed-os\targets\TARGET_STM\TARGET_STM32L1\TARGET_NUCL
EO_L152RE\device\TOOLCHAIN_ARM_STD\startup_stm32l152xe.S

RTC_Alarm_IRQHandler 0000001A

Symbol: RTC_Alarm_IRQHandler
   Definitions
      At line 299 in file mbed-os\targets\TARGET_STM\TARGET_STM32L1\TARGET_NUCL
EO_L152RE\device\TOOLCHAIN_ARM_STD\startup_stm32l152xe.S
   Uses
      At line 122 in file mbed-os\targets\TARGET_STM\TARGET_STM32L1\TARGET_NUCL
EO_L152RE\device\TOOLCHAIN_ARM_STD\startup_stm32l152xe.S
      At line 243 in file mbed-os\targets\TARGET_STM\TARGET_STM32L1\TARGET_NUCL



ARM Macro Assembler    Page 9 Alphabetic symbol ordering
Relocatable symbols

EO_L152RE\device\TOOLCHAIN_ARM_STD\startup_stm32l152xe.S

RTC_WKUP_IRQHandler 0000001A

Symbol: RTC_WKUP_IRQHandler
   Definitions
      At line 261 in file mbed-os\targets\TARGET_STM\TARGET_STM32L1\TARGET_NUCL
EO_L152RE\device\TOOLCHAIN_ARM_STD\startup_stm32l152xe.S
   Uses
      At line 84 in file mbed-os\targets\TARGET_STM\TARGET_STM32L1\TARGET_NUCLE
O_L152RE\device\TOOLCHAIN_ARM_STD\startup_stm32l152xe.S
      At line 205 in file mbed-os\targets\TARGET_STM\TARGET_STM32L1\TARGET_NUCL
EO_L152RE\device\TOOLCHAIN_ARM_STD\startup_stm32l152xe.S

Reset_Handler 00000000

Symbol: Reset_Handler
   Definitions
      At line 146 in file mbed-os\targets\TARGET_STM\TARGET_STM32L1\TARGET_NUCL
EO_L152RE\device\TOOLCHAIN_ARM_STD\startup_stm32l152xe.S
   Uses
      At line 64 in file mbed-os\targets\TARGET_STM\TARGET_STM32L1\TARGET_NUCLE
O_L152RE\device\TOOLCHAIN_ARM_STD\startup_stm32l152xe.S
      At line 147 in file mbed-os\targets\TARGET_STM\TARGET_STM32L1\TARGET_NUCL
EO_L152RE\device\TOOLCHAIN_ARM_STD\startup_stm32l152xe.S

SPI1_IRQHandler 0000001A

Symbol: SPI1_IRQHandler
   Definitions
      At line 293 in file mbed-os\targets\TARGET_STM\TARGET_STM32L1\TARGET_NUCL
EO_L152RE\device\TOOLCHAIN_ARM_STD\startup_stm32l152xe.S
   Uses
      At line 116 in file mbed-os\targets\TARGET_STM\TARGET_STM32L1\TARGET_NUCL
EO_L152RE\device\TOOLCHAIN_ARM_STD\startup_stm32l152xe.S
      At line 237 in file mbed-os\targets\TARGET_STM\TARGET_STM32L1\TARGET_NUCL
EO_L152RE\device\TOOLCHAIN_ARM_STD\startup_stm32l152xe.S

SPI2_IRQHandler 0000001A

Symbol: SPI2_IRQHandler
   Definitions
      At line 294 in file mbed-os\targets\TARGET_STM\TARGET_STM32L1\TARGET_NUCL
EO_L152RE\device\TOOLCHAIN_ARM_STD\startup_stm32l152xe.S
   Uses
      At line 117 in file mbed-os\targets\TARGET_STM\TARGET_STM32L1\TARGET_NUCL
EO_L152RE\device\TOOLCHAIN_ARM_STD\startup_stm32l152xe.S
      At line 238 in file mbed-os\targets\TARGET_STM\TARGET_STM32L1\TARGET_NUCL
EO_L152RE\device\TOOLCHAIN_ARM_STD\startup_stm32l152xe.S

SPI3_IRQHandler 0000001A

Symbol: SPI3_IRQHandler
   Definitions
      At line 304 in file mbed-os\targets\TARGET_STM\TARGET_STM32L1\TARGET_NUCL
EO_L152RE\device\TOOLCHAIN_ARM_STD\startup_stm32l152xe.S
   Uses
      At line 128 in file mbed-os\targets\TARGET_STM\TARGET_STM32L1\TARGET_NUCL
EO_L152RE\device\TOOLCHAIN_ARM_STD\startup_stm32l152xe.S



ARM Macro Assembler    Page 10 Alphabetic symbol ordering
Relocatable symbols

      At line 248 in file mbed-os\targets\TARGET_STM\TARGET_STM32L1\TARGET_NUCL
EO_L152RE\device\TOOLCHAIN_ARM_STD\startup_stm32l152xe.S

SVC_Handler 00000012

Symbol: SVC_Handler
   Definitions
      At line 182 in file mbed-os\targets\TARGET_STM\TARGET_STM32L1\TARGET_NUCL
EO_L152RE\device\TOOLCHAIN_ARM_STD\startup_stm32l152xe.S
   Uses
      At line 74 in file mbed-os\targets\TARGET_STM\TARGET_STM32L1\TARGET_NUCLE
O_L152RE\device\TOOLCHAIN_ARM_STD\startup_stm32l152xe.S
      At line 183 in file mbed-os\targets\TARGET_STM\TARGET_STM32L1\TARGET_NUCL
EO_L152RE\device\TOOLCHAIN_ARM_STD\startup_stm32l152xe.S

SysTick_Handler 00000018

Symbol: SysTick_Handler
   Definitions
      At line 195 in file mbed-os\targets\TARGET_STM\TARGET_STM32L1\TARGET_NUCL
EO_L152RE\device\TOOLCHAIN_ARM_STD\startup_stm32l152xe.S
   Uses
      At line 78 in file mbed-os\targets\TARGET_STM\TARGET_STM32L1\TARGET_NUCLE
O_L152RE\device\TOOLCHAIN_ARM_STD\startup_stm32l152xe.S
      At line 196 in file mbed-os\targets\TARGET_STM\TARGET_STM32L1\TARGET_NUCL
EO_L152RE\device\TOOLCHAIN_ARM_STD\startup_stm32l152xe.S

TAMPER_STAMP_IRQHandler 0000001A

Symbol: TAMPER_STAMP_IRQHandler
   Definitions
      At line 260 in file mbed-os\targets\TARGET_STM\TARGET_STM32L1\TARGET_NUCL
EO_L152RE\device\TOOLCHAIN_ARM_STD\startup_stm32l152xe.S
   Uses
      At line 83 in file mbed-os\targets\TARGET_STM\TARGET_STM32L1\TARGET_NUCLE
O_L152RE\device\TOOLCHAIN_ARM_STD\startup_stm32l152xe.S
      At line 204 in file mbed-os\targets\TARGET_STM\TARGET_STM32L1\TARGET_NUCL
EO_L152RE\device\TOOLCHAIN_ARM_STD\startup_stm32l152xe.S

TIM10_IRQHandler 0000001A

Symbol: TIM10_IRQHandler
   Definitions
      At line 284 in file mbed-os\targets\TARGET_STM\TARGET_STM32L1\TARGET_NUCL
EO_L152RE\device\TOOLCHAIN_ARM_STD\startup_stm32l152xe.S
   Uses
      At line 107 in file mbed-os\targets\TARGET_STM\TARGET_STM32L1\TARGET_NUCL
EO_L152RE\device\TOOLCHAIN_ARM_STD\startup_stm32l152xe.S
      At line 228 in file mbed-os\targets\TARGET_STM\TARGET_STM32L1\TARGET_NUCL
EO_L152RE\device\TOOLCHAIN_ARM_STD\startup_stm32l152xe.S

TIM11_IRQHandler 0000001A

Symbol: TIM11_IRQHandler
   Definitions
      At line 285 in file mbed-os\targets\TARGET_STM\TARGET_STM32L1\TARGET_NUCL
EO_L152RE\device\TOOLCHAIN_ARM_STD\startup_stm32l152xe.S
   Uses
      At line 108 in file mbed-os\targets\TARGET_STM\TARGET_STM32L1\TARGET_NUCL



ARM Macro Assembler    Page 11 Alphabetic symbol ordering
Relocatable symbols

EO_L152RE\device\TOOLCHAIN_ARM_STD\startup_stm32l152xe.S
      At line 229 in file mbed-os\targets\TARGET_STM\TARGET_STM32L1\TARGET_NUCL
EO_L152RE\device\TOOLCHAIN_ARM_STD\startup_stm32l152xe.S

TIM2_IRQHandler 0000001A

Symbol: TIM2_IRQHandler
   Definitions
      At line 286 in file mbed-os\targets\TARGET_STM\TARGET_STM32L1\TARGET_NUCL
EO_L152RE\device\TOOLCHAIN_ARM_STD\startup_stm32l152xe.S
   Uses
      At line 109 in file mbed-os\targets\TARGET_STM\TARGET_STM32L1\TARGET_NUCL
EO_L152RE\device\TOOLCHAIN_ARM_STD\startup_stm32l152xe.S
      At line 230 in file mbed-os\targets\TARGET_STM\TARGET_STM32L1\TARGET_NUCL
EO_L152RE\device\TOOLCHAIN_ARM_STD\startup_stm32l152xe.S

TIM3_IRQHandler 0000001A

Symbol: TIM3_IRQHandler
   Definitions
      At line 287 in file mbed-os\targets\TARGET_STM\TARGET_STM32L1\TARGET_NUCL
EO_L152RE\device\TOOLCHAIN_ARM_STD\startup_stm32l152xe.S
   Uses
      At line 110 in file mbed-os\targets\TARGET_STM\TARGET_STM32L1\TARGET_NUCL
EO_L152RE\device\TOOLCHAIN_ARM_STD\startup_stm32l152xe.S
      At line 231 in file mbed-os\targets\TARGET_STM\TARGET_STM32L1\TARGET_NUCL
EO_L152RE\device\TOOLCHAIN_ARM_STD\startup_stm32l152xe.S

TIM4_IRQHandler 0000001A

Symbol: TIM4_IRQHandler
   Definitions
      At line 288 in file mbed-os\targets\TARGET_STM\TARGET_STM32L1\TARGET_NUCL
EO_L152RE\device\TOOLCHAIN_ARM_STD\startup_stm32l152xe.S
   Uses
      At line 111 in file mbed-os\targets\TARGET_STM\TARGET_STM32L1\TARGET_NUCL
EO_L152RE\device\TOOLCHAIN_ARM_STD\startup_stm32l152xe.S
      At line 232 in file mbed-os\targets\TARGET_STM\TARGET_STM32L1\TARGET_NUCL
EO_L152RE\device\TOOLCHAIN_ARM_STD\startup_stm32l152xe.S

TIM5_IRQHandler 0000001A

Symbol: TIM5_IRQHandler
   Definitions
      At line 303 in file mbed-os\targets\TARGET_STM\TARGET_STM32L1\TARGET_NUCL
EO_L152RE\device\TOOLCHAIN_ARM_STD\startup_stm32l152xe.S
   Uses
      At line 127 in file mbed-os\targets\TARGET_STM\TARGET_STM32L1\TARGET_NUCL
EO_L152RE\device\TOOLCHAIN_ARM_STD\startup_stm32l152xe.S
      At line 247 in file mbed-os\targets\TARGET_STM\TARGET_STM32L1\TARGET_NUCL
EO_L152RE\device\TOOLCHAIN_ARM_STD\startup_stm32l152xe.S

TIM6_IRQHandler 0000001A

Symbol: TIM6_IRQHandler
   Definitions
      At line 301 in file mbed-os\targets\TARGET_STM\TARGET_STM32L1\TARGET_NUCL
EO_L152RE\device\TOOLCHAIN_ARM_STD\startup_stm32l152xe.S
   Uses



ARM Macro Assembler    Page 12 Alphabetic symbol ordering
Relocatable symbols

      At line 124 in file mbed-os\targets\TARGET_STM\TARGET_STM32L1\TARGET_NUCL
EO_L152RE\device\TOOLCHAIN_ARM_STD\startup_stm32l152xe.S
      At line 245 in file mbed-os\targets\TARGET_STM\TARGET_STM32L1\TARGET_NUCL
EO_L152RE\device\TOOLCHAIN_ARM_STD\startup_stm32l152xe.S

TIM7_IRQHandler 0000001A

Symbol: TIM7_IRQHandler
   Definitions
      At line 302 in file mbed-os\targets\TARGET_STM\TARGET_STM32L1\TARGET_NUCL
EO_L152RE\device\TOOLCHAIN_ARM_STD\startup_stm32l152xe.S
   Uses
      At line 125 in file mbed-os\targets\TARGET_STM\TARGET_STM32L1\TARGET_NUCL
EO_L152RE\device\TOOLCHAIN_ARM_STD\startup_stm32l152xe.S
      At line 246 in file mbed-os\targets\TARGET_STM\TARGET_STM32L1\TARGET_NUCL
EO_L152RE\device\TOOLCHAIN_ARM_STD\startup_stm32l152xe.S

TIM9_IRQHandler 0000001A

Symbol: TIM9_IRQHandler
   Definitions
      At line 283 in file mbed-os\targets\TARGET_STM\TARGET_STM32L1\TARGET_NUCL
EO_L152RE\device\TOOLCHAIN_ARM_STD\startup_stm32l152xe.S
   Uses
      At line 106 in file mbed-os\targets\TARGET_STM\TARGET_STM32L1\TARGET_NUCL
EO_L152RE\device\TOOLCHAIN_ARM_STD\startup_stm32l152xe.S
      At line 227 in file mbed-os\targets\TARGET_STM\TARGET_STM32L1\TARGET_NUCL
EO_L152RE\device\TOOLCHAIN_ARM_STD\startup_stm32l152xe.S

UART4_IRQHandler 0000001A

Symbol: UART4_IRQHandler
   Definitions
      At line 305 in file mbed-os\targets\TARGET_STM\TARGET_STM32L1\TARGET_NUCL
EO_L152RE\device\TOOLCHAIN_ARM_STD\startup_stm32l152xe.S
   Uses
      At line 129 in file mbed-os\targets\TARGET_STM\TARGET_STM32L1\TARGET_NUCL
EO_L152RE\device\TOOLCHAIN_ARM_STD\startup_stm32l152xe.S
      At line 249 in file mbed-os\targets\TARGET_STM\TARGET_STM32L1\TARGET_NUCL
EO_L152RE\device\TOOLCHAIN_ARM_STD\startup_stm32l152xe.S

UART5_IRQHandler 0000001A

Symbol: UART5_IRQHandler
   Definitions
      At line 306 in file mbed-os\targets\TARGET_STM\TARGET_STM32L1\TARGET_NUCL
EO_L152RE\device\TOOLCHAIN_ARM_STD\startup_stm32l152xe.S
   Uses
      At line 130 in file mbed-os\targets\TARGET_STM\TARGET_STM32L1\TARGET_NUCL
EO_L152RE\device\TOOLCHAIN_ARM_STD\startup_stm32l152xe.S
      At line 250 in file mbed-os\targets\TARGET_STM\TARGET_STM32L1\TARGET_NUCL
EO_L152RE\device\TOOLCHAIN_ARM_STD\startup_stm32l152xe.S

USART1_IRQHandler 0000001A

Symbol: USART1_IRQHandler
   Definitions
      At line 295 in file mbed-os\targets\TARGET_STM\TARGET_STM32L1\TARGET_NUCL
EO_L152RE\device\TOOLCHAIN_ARM_STD\startup_stm32l152xe.S



ARM Macro Assembler    Page 13 Alphabetic symbol ordering
Relocatable symbols

   Uses
      At line 118 in file mbed-os\targets\TARGET_STM\TARGET_STM32L1\TARGET_NUCL
EO_L152RE\device\TOOLCHAIN_ARM_STD\startup_stm32l152xe.S
      At line 239 in file mbed-os\targets\TARGET_STM\TARGET_STM32L1\TARGET_NUCL
EO_L152RE\device\TOOLCHAIN_ARM_STD\startup_stm32l152xe.S

USART2_IRQHandler 0000001A

Symbol: USART2_IRQHandler
   Definitions
      At line 296 in file mbed-os\targets\TARGET_STM\TARGET_STM32L1\TARGET_NUCL
EO_L152RE\device\TOOLCHAIN_ARM_STD\startup_stm32l152xe.S
   Uses
      At line 119 in file mbed-os\targets\TARGET_STM\TARGET_STM32L1\TARGET_NUCL
EO_L152RE\device\TOOLCHAIN_ARM_STD\startup_stm32l152xe.S
      At line 240 in file mbed-os\targets\TARGET_STM\TARGET_STM32L1\TARGET_NUCL
EO_L152RE\device\TOOLCHAIN_ARM_STD\startup_stm32l152xe.S

USART3_IRQHandler 0000001A

Symbol: USART3_IRQHandler
   Definitions
      At line 297 in file mbed-os\targets\TARGET_STM\TARGET_STM32L1\TARGET_NUCL
EO_L152RE\device\TOOLCHAIN_ARM_STD\startup_stm32l152xe.S
   Uses
      At line 120 in file mbed-os\targets\TARGET_STM\TARGET_STM32L1\TARGET_NUCL
EO_L152RE\device\TOOLCHAIN_ARM_STD\startup_stm32l152xe.S
      At line 241 in file mbed-os\targets\TARGET_STM\TARGET_STM32L1\TARGET_NUCL
EO_L152RE\device\TOOLCHAIN_ARM_STD\startup_stm32l152xe.S

USB_FS_WKUP_IRQHandler 0000001A

Symbol: USB_FS_WKUP_IRQHandler
   Definitions
      At line 300 in file mbed-os\targets\TARGET_STM\TARGET_STM32L1\TARGET_NUCL
EO_L152RE\device\TOOLCHAIN_ARM_STD\startup_stm32l152xe.S
   Uses
      At line 123 in file mbed-os\targets\TARGET_STM\TARGET_STM32L1\TARGET_NUCL
EO_L152RE\device\TOOLCHAIN_ARM_STD\startup_stm32l152xe.S
      At line 244 in file mbed-os\targets\TARGET_STM\TARGET_STM32L1\TARGET_NUCL
EO_L152RE\device\TOOLCHAIN_ARM_STD\startup_stm32l152xe.S

USB_HP_IRQHandler 0000001A

Symbol: USB_HP_IRQHandler
   Definitions
      At line 277 in file mbed-os\targets\TARGET_STM\TARGET_STM32L1\TARGET_NUCL
EO_L152RE\device\TOOLCHAIN_ARM_STD\startup_stm32l152xe.S
   Uses
      At line 100 in file mbed-os\targets\TARGET_STM\TARGET_STM32L1\TARGET_NUCL
EO_L152RE\device\TOOLCHAIN_ARM_STD\startup_stm32l152xe.S
      At line 221 in file mbed-os\targets\TARGET_STM\TARGET_STM32L1\TARGET_NUCL
EO_L152RE\device\TOOLCHAIN_ARM_STD\startup_stm32l152xe.S

USB_LP_IRQHandler 0000001A

Symbol: USB_LP_IRQHandler
   Definitions
      At line 278 in file mbed-os\targets\TARGET_STM\TARGET_STM32L1\TARGET_NUCL



ARM Macro Assembler    Page 14 Alphabetic symbol ordering
Relocatable symbols

EO_L152RE\device\TOOLCHAIN_ARM_STD\startup_stm32l152xe.S
   Uses
      At line 101 in file mbed-os\targets\TARGET_STM\TARGET_STM32L1\TARGET_NUCL
EO_L152RE\device\TOOLCHAIN_ARM_STD\startup_stm32l152xe.S
      At line 222 in file mbed-os\targets\TARGET_STM\TARGET_STM32L1\TARGET_NUCL
EO_L152RE\device\TOOLCHAIN_ARM_STD\startup_stm32l152xe.S

UsageFault_Handler 00000010

Symbol: UsageFault_Handler
   Definitions
      At line 177 in file mbed-os\targets\TARGET_STM\TARGET_STM32L1\TARGET_NUCL
EO_L152RE\device\TOOLCHAIN_ARM_STD\startup_stm32l152xe.S
   Uses
      At line 69 in file mbed-os\targets\TARGET_STM\TARGET_STM32L1\TARGET_NUCLE
O_L152RE\device\TOOLCHAIN_ARM_STD\startup_stm32l152xe.S
      At line 179 in file mbed-os\targets\TARGET_STM\TARGET_STM32L1\TARGET_NUCL
EO_L152RE\device\TOOLCHAIN_ARM_STD\startup_stm32l152xe.S

WWDG_IRQHandler 0000001A

Symbol: WWDG_IRQHandler
   Definitions
      At line 258 in file mbed-os\targets\TARGET_STM\TARGET_STM32L1\TARGET_NUCL
EO_L152RE\device\TOOLCHAIN_ARM_STD\startup_stm32l152xe.S
   Uses
      At line 81 in file mbed-os\targets\TARGET_STM\TARGET_STM32L1\TARGET_NUCLE
O_L152RE\device\TOOLCHAIN_ARM_STD\startup_stm32l152xe.S
      At line 202 in file mbed-os\targets\TARGET_STM\TARGET_STM32L1\TARGET_NUCL
EO_L152RE\device\TOOLCHAIN_ARM_STD\startup_stm32l152xe.S

67 symbols



ARM Macro Assembler    Page 1 Alphabetic symbol ordering
Absolute symbols

__Vectors_Size 00000124

Symbol: __Vectors_Size
   Definitions
      At line 141 in file mbed-os\targets\TARGET_STM\TARGET_STM32L1\TARGET_NUCL
EO_L152RE\device\TOOLCHAIN_ARM_STD\startup_stm32l152xe.S
   Uses
      At line 61 in file mbed-os\targets\TARGET_STM\TARGET_STM32L1\TARGET_NUCLE
O_L152RE\device\TOOLCHAIN_ARM_STD\startup_stm32l152xe.S
Comment: __Vectors_Size used once
__initial_sp 20014000

Symbol: __initial_sp
   Definitions
      At line 51 in file mbed-os\targets\TARGET_STM\TARGET_STM32L1\TARGET_NUCLE
O_L152RE\device\TOOLCHAIN_ARM_STD\startup_stm32l152xe.S
   Uses
      At line 63 in file mbed-os\targets\TARGET_STM\TARGET_STM32L1\TARGET_NUCLE
O_L152RE\device\TOOLCHAIN_ARM_STD\startup_stm32l152xe.S
Comment: __initial_sp used once
2 symbols



ARM Macro Assembler    Page 1 Alphabetic symbol ordering
External symbols

SystemInit 00000000

Symbol: SystemInit
   Definitions
      At line 149 in file mbed-os\targets\TARGET_STM\TARGET_STM32L1\TARGET_NUCL
EO_L152RE\device\TOOLCHAIN_ARM_STD\startup_stm32l152xe.S
   Uses
      At line 150 in file mbed-os\targets\TARGET_STM\TARGET_STM32L1\TARGET_NUCL
EO_L152RE\device\TOOLCHAIN_ARM_STD\startup_stm32l152xe.S
Comment: SystemInit used once
__main 00000000

Symbol: __main
   Definitions
      At line 148 in file mbed-os\targets\TARGET_STM\TARGET_STM32L1\TARGET_NUCL
EO_L152RE\device\TOOLCHAIN_ARM_STD\startup_stm32l152xe.S
   Uses
      At line 152 in file mbed-os\targets\TARGET_STM\TARGET_STM32L1\TARGET_NUCL
EO_L152RE\device\TOOLCHAIN_ARM_STD\startup_stm32l152xe.S
Comment: __main used once
2 symbols
408 symbols in table
